<?xml version="1.0" encoding="UTF-8"?>
<!-- Generated by org.testng.reporters.JUnitReportReporter -->
<testsuite hostname="DELL-SHUBHAM" name="com.ta.qa.testcases.HotelReviewTest" tests="1" failures="0" timestamp="11 Jan 2020 07:17:18 GMT" time="39.973" errors="0">
  <testcase name="hotelStayReviewTest" time="39.973" classname="com.ta.qa.testcases.HotelReviewTest"/>
</testsuite> <!-- com.ta.qa.testcases.HotelReviewTest -->
