<?xml version="1.0" encoding="UTF-8"?>
<!-- Generated by org.testng.reporters.JUnitReportReporter -->
<testsuite hostname="DELL-SHUBHAM" name="com.ta.qa.testcases.HotelReview" tests="1" failures="0" timestamp="11 Jan 2020 05:59:55 GMT" time="21.090" errors="0">
  <testcase name="hotelReviewTest" time="21.090" classname="com.ta.qa.testcases.HotelReview"/>
</testsuite> <!-- com.ta.qa.testcases.HotelReview -->
